2024-06-24T00:32:17.622+05:30 TRACE 25400 --- [testdemo] [http-nio-8080-exec-5] o.s.web.servlet.DispatcherServlet        : POST "/programs", parameters={}, headers={masked} in DispatcherServlet 'dispatcherServlet'
2024-06-24T00:32:17.749+05:30 TRACE 25400 --- [testdemo] [http-nio-8080-exec-5] s.w.s.m.m.a.RequestMappingHandlerMapping : Mapped to com.example.testdemo.Controllers.ProgramController#saveProgram(Program)
2024-06-24T00:32:17.831+05:30 TRACE 25400 --- [testdemo] [http-nio-8080-exec-5] m.m.a.RequestResponseBodyMethodProcessor : Read "application/json;charset=UTF-8" to [com.example.testdemo.Models.Program@67bcc9dd]
2024-06-24T00:32:17.842+05:30 TRACE 25400 --- [testdemo] [http-nio-8080-exec-5] o.s.web.method.HandlerMethod             : Arguments: [com.example.testdemo.Models.Program@67bcc9dd]
2024-06-24T00:32:17.846+05:30 DEBUG 25400 --- [testdemo] [http-nio-8080-exec-5] m.m.a.RequestResponseBodyMethodProcessor : Using 'application/json', given [*/*] and supported [application/json, application/*+json]
2024-06-24T00:32:17.846+05:30 TRACE 25400 --- [testdemo] [http-nio-8080-exec-5] m.m.a.RequestResponseBodyMethodProcessor : Writing [com.example.testdemo.Models.Program@67bcc9dd]
2024-06-24T00:32:17.850+05:30 TRACE 25400 --- [testdemo] [http-nio-8080-exec-5] s.w.s.m.m.a.RequestMappingHandlerAdapter : Applying default cacheSeconds=-1
2024-06-24T00:32:17.850+05:30 TRACE 25400 --- [testdemo] [http-nio-8080-exec-5] o.s.web.servlet.DispatcherServlet        : No view rendering, null ModelAndView returned.
2024-06-24T00:32:17.850+05:30 DEBUG 25400 --- [testdemo] [http-nio-8080-exec-5] o.s.web.servlet.DispatcherServlet        : Completed 200 OK, headers={masked}
2024-06-24T00:33:23.165+05:30  INFO 26908 --- [testdemo] [restartedMain] c.example.testdemo.TestdemoApplication   : Starting TestdemoApplication using Java 21 with PID 26908 (C:\Users\lazer\Downloads\testdemo\target\classes started by lazer in C:\Users\lazer\Downloads\testdemo)
2024-06-24T00:33:23.168+05:30  INFO 26908 --- [testdemo] [restartedMain] c.example.testdemo.TestdemoApplication   : No active profile set, falling back to 1 default profile: "default"
2024-06-24T00:33:23.223+05:30  INFO 26908 --- [testdemo] [restartedMain] .e.DevToolsPropertyDefaultsPostProcessor : Devtools property defaults active! Set 'spring.devtools.add-properties' to 'false' to disable
2024-06-24T00:33:23.223+05:30  INFO 26908 --- [testdemo] [restartedMain] .e.DevToolsPropertyDefaultsPostProcessor : For additional web related logging consider setting the 'logging.level.web' property to 'DEBUG'
2024-06-24T00:33:24.049+05:30  INFO 26908 --- [testdemo] [restartedMain] o.s.b.w.embedded.tomcat.TomcatWebServer  : Tomcat initialized with port 8080 (http)
2024-06-24T00:33:24.061+05:30  INFO 26908 --- [testdemo] [restartedMain] o.apache.catalina.core.StandardService   : Starting service [Tomcat]
2024-06-24T00:33:24.062+05:30  INFO 26908 --- [testdemo] [restartedMain] o.apache.catalina.core.StandardEngine    : Starting Servlet engine: [Apache Tomcat/10.1.25]
2024-06-24T00:33:24.094+05:30  INFO 26908 --- [testdemo] [restartedMain] o.a.c.c.C.[Tomcat].[localhost].[/]       : Initializing Spring embedded WebApplicationContext
2024-06-24T00:33:24.094+05:30  INFO 26908 --- [testdemo] [restartedMain] w.s.c.ServletWebServerApplicationContext : Root WebApplicationContext: initialization completed in 871 ms
2024-06-24T00:33:24.221+05:30 TRACE 26908 --- [testdemo] [restartedMain] s.w.s.m.m.a.RequestMappingHandlerMapping : 
	c.e.t.C.ProgramController:
	{POST [/programs]}: saveProgram(Program)
2024-06-24T00:33:24.225+05:30 TRACE 26908 --- [testdemo] [restartedMain] s.w.s.m.m.a.RequestMappingHandlerMapping : 
	o.s.b.a.w.s.e.BasicErrorController:
	{ [/error]}: error(HttpServletRequest)
	{ [/error], produces [text/html]}: errorHtml(HttpServletRequest,HttpServletResponse)
2024-06-24T00:33:24.231+05:30 DEBUG 26908 --- [testdemo] [restartedMain] s.w.s.m.m.a.RequestMappingHandlerMapping : 3 mappings in 'requestMappingHandlerMapping'
2024-06-24T00:33:24.236+05:30 DEBUG 26908 --- [testdemo] [restartedMain] o.s.w.s.h.BeanNameUrlHandlerMapping      : Detected 0 mappings in 'beanNameHandlerMapping'
2024-06-24T00:33:24.280+05:30 TRACE 26908 --- [testdemo] [restartedMain] o.s.w.s.f.support.RouterFunctionMapping  : 0 RouterFunction(s) in 'routerFunctionMapping'
2024-06-24T00:33:24.292+05:30 TRACE 26908 --- [testdemo] [restartedMain] o.s.w.s.handler.SimpleUrlHandlerMapping  : Mapped [/webjars/**] onto ResourceHttpRequestHandler [classpath [META-INF/resources/webjars/]]
2024-06-24T00:33:24.292+05:30 TRACE 26908 --- [testdemo] [restartedMain] o.s.w.s.handler.SimpleUrlHandlerMapping  : Mapped [/**] onto ResourceHttpRequestHandler [classpath [META-INF/resources/], classpath [resources/], classpath [static/], classpath [public/], ServletContext [/]]
2024-06-24T00:33:24.292+05:30 DEBUG 26908 --- [testdemo] [restartedMain] o.s.w.s.handler.SimpleUrlHandlerMapping  : Patterns [/webjars/**, /**] in 'resourceHandlerMapping'
2024-06-24T00:33:24.339+05:30 DEBUG 26908 --- [testdemo] [restartedMain] s.w.s.m.m.a.RequestMappingHandlerAdapter : ControllerAdvice beans: 0 @ModelAttribute, 0 @InitBinder, 1 RequestBodyAdvice, 1 ResponseBodyAdvice
2024-06-24T00:33:24.361+05:30 DEBUG 26908 --- [testdemo] [restartedMain] .m.m.a.ExceptionHandlerExceptionResolver : ControllerAdvice beans: 1 @ExceptionHandler, 1 ResponseBodyAdvice
2024-06-24T00:33:24.433+05:30  INFO 26908 --- [testdemo] [restartedMain] o.s.b.d.a.OptionalLiveReloadServer       : LiveReload server is running on port 35729
2024-06-24T00:33:24.471+05:30  INFO 26908 --- [testdemo] [restartedMain] o.s.b.w.embedded.tomcat.TomcatWebServer  : Tomcat started on port 8080 (http) with context path '/'
2024-06-24T00:33:24.480+05:30  INFO 26908 --- [testdemo] [restartedMain] c.example.testdemo.TestdemoApplication   : Started TestdemoApplication in 1.744 seconds (process running for 2.115)
2024-06-24T00:33:27.936+05:30  INFO 26908 --- [testdemo] [http-nio-8080-exec-2] o.a.c.c.C.[Tomcat].[localhost].[/]       : Initializing Spring DispatcherServlet 'dispatcherServlet'
2024-06-24T00:33:27.937+05:30  INFO 26908 --- [testdemo] [http-nio-8080-exec-2] o.s.web.servlet.DispatcherServlet        : Initializing Servlet 'dispatcherServlet'
2024-06-24T00:33:27.937+05:30 TRACE 26908 --- [testdemo] [http-nio-8080-exec-2] o.s.web.servlet.DispatcherServlet        : Detected org.springframework.web.multipart.support.StandardServletMultipartResolver@7edadc3f
2024-06-24T00:33:27.937+05:30 TRACE 26908 --- [testdemo] [http-nio-8080-exec-2] o.s.web.servlet.DispatcherServlet        : Detected org.springframework.web.servlet.i18n.AcceptHeaderLocaleResolver@7643c438
2024-06-24T00:33:27.937+05:30 TRACE 26908 --- [testdemo] [http-nio-8080-exec-2] o.s.web.servlet.DispatcherServlet        : Detected org.springframework.web.servlet.theme.FixedThemeResolver@445234bf
2024-06-24T00:33:27.938+05:30 TRACE 26908 --- [testdemo] [http-nio-8080-exec-2] o.s.web.servlet.DispatcherServlet        : Detected DefaultRequestToViewNameTranslator
2024-06-24T00:33:27.938+05:30 TRACE 26908 --- [testdemo] [http-nio-8080-exec-2] o.s.web.servlet.DispatcherServlet        : Detected SessionFlashMapManager
2024-06-24T00:33:27.938+05:30 DEBUG 26908 --- [testdemo] [http-nio-8080-exec-2] o.s.web.servlet.DispatcherServlet        : enableLoggingRequestDetails='false': request parameters and headers will be masked to prevent unsafe logging of potentially sensitive data
2024-06-24T00:33:27.938+05:30  INFO 26908 --- [testdemo] [http-nio-8080-exec-2] o.s.web.servlet.DispatcherServlet        : Completed initialization in 1 ms
2024-06-24T00:33:27.948+05:30 TRACE 26908 --- [testdemo] [http-nio-8080-exec-2] o.s.web.servlet.DispatcherServlet        : POST "/programs", parameters={}, headers={masked} in DispatcherServlet 'dispatcherServlet'
2024-06-24T00:33:27.958+05:30 TRACE 26908 --- [testdemo] [http-nio-8080-exec-2] s.w.s.m.m.a.RequestMappingHandlerMapping : Mapped to com.example.testdemo.Controllers.ProgramController#saveProgram(Program)
2024-06-24T00:33:28.024+05:30 TRACE 26908 --- [testdemo] [http-nio-8080-exec-2] m.m.a.RequestResponseBodyMethodProcessor : Read "application/json;charset=UTF-8" to [com.example.testdemo.Models.Program@337850b7]
2024-06-24T00:33:28.030+05:30 TRACE 26908 --- [testdemo] [http-nio-8080-exec-2] o.s.web.method.HandlerMethod             : Arguments: [com.example.testdemo.Models.Program@337850b7]
2024-06-24T00:33:28.041+05:30 DEBUG 26908 --- [testdemo] [http-nio-8080-exec-2] m.m.a.RequestResponseBodyMethodProcessor : Using 'application/json', given [*/*] and supported [application/json, application/*+json]
2024-06-24T00:33:28.041+05:30 TRACE 26908 --- [testdemo] [http-nio-8080-exec-2] m.m.a.RequestResponseBodyMethodProcessor : Writing [com.example.testdemo.Models.Program@337850b7]
2024-06-24T00:33:28.049+05:30 TRACE 26908 --- [testdemo] [http-nio-8080-exec-2] s.w.s.m.m.a.RequestMappingHandlerAdapter : Applying default cacheSeconds=-1
2024-06-24T00:33:28.049+05:30 TRACE 26908 --- [testdemo] [http-nio-8080-exec-2] o.s.web.servlet.DispatcherServlet        : No view rendering, null ModelAndView returned.
2024-06-24T00:33:28.050+05:30 DEBUG 26908 --- [testdemo] [http-nio-8080-exec-2] o.s.web.servlet.DispatcherServlet        : Completed 200 OK, headers={masked}
2024-06-24T00:35:01.062+05:30 TRACE 26908 --- [testdemo] [http-nio-8080-exec-5] o.s.web.servlet.DispatcherServlet        : POST "/programs", parameters={}, headers={masked} in DispatcherServlet 'dispatcherServlet'
2024-06-24T00:35:01.062+05:30 TRACE 26908 --- [testdemo] [http-nio-8080-exec-5] s.w.s.m.m.a.RequestMappingHandlerMapping : Mapped to com.example.testdemo.Controllers.ProgramController#saveProgram(Program)
2024-06-24T00:35:01.063+05:30 TRACE 26908 --- [testdemo] [http-nio-8080-exec-5] m.m.a.RequestResponseBodyMethodProcessor : Read "application/json;charset=UTF-8" to [com.example.testdemo.Models.Program@27412370]
2024-06-24T00:35:01.063+05:30 TRACE 26908 --- [testdemo] [http-nio-8080-exec-5] o.s.web.method.HandlerMethod             : Arguments: [com.example.testdemo.Models.Program@27412370]
2024-06-24T00:35:01.063+05:30 DEBUG 26908 --- [testdemo] [http-nio-8080-exec-5] m.m.a.RequestResponseBodyMethodProcessor : Using 'application/json', given [*/*] and supported [application/json, application/*+json]
2024-06-24T00:35:01.063+05:30 TRACE 26908 --- [testdemo] [http-nio-8080-exec-5] m.m.a.RequestResponseBodyMethodProcessor : Writing [com.example.testdemo.Models.Program@27412370]
2024-06-24T00:35:01.063+05:30 TRACE 26908 --- [testdemo] [http-nio-8080-exec-5] s.w.s.m.m.a.RequestMappingHandlerAdapter : Applying default cacheSeconds=-1
2024-06-24T00:35:01.064+05:30 TRACE 26908 --- [testdemo] [http-nio-8080-exec-5] o.s.web.servlet.DispatcherServlet        : No view rendering, null ModelAndView returned.
2024-06-24T00:35:01.064+05:30 DEBUG 26908 --- [testdemo] [http-nio-8080-exec-5] o.s.web.servlet.DispatcherServlet        : Completed 200 OK, headers={masked}
2024-06-24T00:36:19.330+05:30  INFO 28572 --- [testdemo] [restartedMain] c.example.testdemo.TestdemoApplication   : Starting TestdemoApplication using Java 21 with PID 28572 (C:\Users\lazer\Downloads\testdemo\target\classes started by lazer in C:\Users\lazer\Downloads\testdemo)
2024-06-24T00:36:19.331+05:30  INFO 28572 --- [testdemo] [restartedMain] c.example.testdemo.TestdemoApplication   : No active profile set, falling back to 1 default profile: "default"
2024-06-24T00:36:19.377+05:30  INFO 28572 --- [testdemo] [restartedMain] .e.DevToolsPropertyDefaultsPostProcessor : Devtools property defaults active! Set 'spring.devtools.add-properties' to 'false' to disable
2024-06-24T00:36:19.377+05:30  INFO 28572 --- [testdemo] [restartedMain] .e.DevToolsPropertyDefaultsPostProcessor : For additional web related logging consider setting the 'logging.level.web' property to 'DEBUG'
2024-06-24T00:36:20.123+05:30  INFO 28572 --- [testdemo] [restartedMain] o.s.b.w.embedded.tomcat.TomcatWebServer  : Tomcat initialized with port 8080 (http)
2024-06-24T00:36:20.137+05:30  INFO 28572 --- [testdemo] [restartedMain] o.apache.catalina.core.StandardService   : Starting service [Tomcat]
2024-06-24T00:36:20.137+05:30  INFO 28572 --- [testdemo] [restartedMain] o.apache.catalina.core.StandardEngine    : Starting Servlet engine: [Apache Tomcat/10.1.25]
2024-06-24T00:36:20.171+05:30  INFO 28572 --- [testdemo] [restartedMain] o.a.c.c.C.[Tomcat].[localhost].[/]       : Initializing Spring embedded WebApplicationContext
2024-06-24T00:36:20.171+05:30  INFO 28572 --- [testdemo] [restartedMain] w.s.c.ServletWebServerApplicationContext : Root WebApplicationContext: initialization completed in 793 ms
2024-06-24T00:36:20.303+05:30 DEBUG 28572 --- [testdemo] [restartedMain] s.w.s.m.m.a.RequestMappingHandlerMapping : 3 mappings in 'requestMappingHandlerMapping'
2024-06-24T00:36:20.351+05:30 DEBUG 28572 --- [testdemo] [restartedMain] o.s.w.s.handler.SimpleUrlHandlerMapping  : Patterns [/webjars/**, /**] in 'resourceHandlerMapping'
2024-06-24T00:36:20.371+05:30 DEBUG 28572 --- [testdemo] [restartedMain] s.w.s.m.m.a.RequestMappingHandlerAdapter : ControllerAdvice beans: 0 @ModelAttribute, 0 @InitBinder, 1 RequestBodyAdvice, 1 ResponseBodyAdvice
2024-06-24T00:36:20.396+05:30 DEBUG 28572 --- [testdemo] [restartedMain] .m.m.a.ExceptionHandlerExceptionResolver : ControllerAdvice beans: 1 @ExceptionHandler, 1 ResponseBodyAdvice
2024-06-24T00:36:20.439+05:30  INFO 28572 --- [testdemo] [restartedMain] o.s.b.d.a.OptionalLiveReloadServer       : LiveReload server is running on port 35729
2024-06-24T00:36:20.460+05:30  INFO 28572 --- [testdemo] [restartedMain] o.s.b.w.embedded.tomcat.TomcatWebServer  : Tomcat started on port 8080 (http) with context path '/'
2024-06-24T00:36:20.466+05:30  INFO 28572 --- [testdemo] [restartedMain] c.example.testdemo.TestdemoApplication   : Started TestdemoApplication in 1.477 seconds (process running for 1.797)
2024-06-24T00:36:54.887+05:30  INFO 29648 --- [testdemo] [restartedMain] c.example.testdemo.TestdemoApplication   : Starting TestdemoApplication using Java 21 with PID 29648 (C:\Users\lazer\Downloads\testdemo\target\classes started by lazer in C:\Users\lazer\Downloads\testdemo)
2024-06-24T00:36:54.889+05:30  INFO 29648 --- [testdemo] [restartedMain] c.example.testdemo.TestdemoApplication   : No active profile set, falling back to 1 default profile: "default"
2024-06-24T00:36:54.933+05:30  INFO 29648 --- [testdemo] [restartedMain] .e.DevToolsPropertyDefaultsPostProcessor : Devtools property defaults active! Set 'spring.devtools.add-properties' to 'false' to disable
2024-06-24T00:36:54.933+05:30  INFO 29648 --- [testdemo] [restartedMain] .e.DevToolsPropertyDefaultsPostProcessor : For additional web related logging consider setting the 'logging.level.web' property to 'DEBUG'
2024-06-24T00:36:55.659+05:30  INFO 29648 --- [testdemo] [restartedMain] o.s.b.w.embedded.tomcat.TomcatWebServer  : Tomcat initialized with port 8080 (http)
2024-06-24T00:36:55.669+05:30  INFO 29648 --- [testdemo] [restartedMain] o.apache.catalina.core.StandardService   : Starting service [Tomcat]
2024-06-24T00:36:55.670+05:30  INFO 29648 --- [testdemo] [restartedMain] o.apache.catalina.core.StandardEngine    : Starting Servlet engine: [Apache Tomcat/10.1.25]
2024-06-24T00:36:55.700+05:30  INFO 29648 --- [testdemo] [restartedMain] o.a.c.c.C.[Tomcat].[localhost].[/]       : Initializing Spring embedded WebApplicationContext
2024-06-24T00:36:55.701+05:30  INFO 29648 --- [testdemo] [restartedMain] w.s.c.ServletWebServerApplicationContext : Root WebApplicationContext: initialization completed in 768 ms
2024-06-24T00:36:55.861+05:30 DEBUG 29648 --- [testdemo] [restartedMain] s.w.s.m.m.a.RequestMappingHandlerMapping : 3 mappings in 'requestMappingHandlerMapping'
2024-06-24T00:36:55.923+05:30 DEBUG 29648 --- [testdemo] [restartedMain] o.s.w.s.handler.SimpleUrlHandlerMapping  : Patterns [/webjars/**, /**] in 'resourceHandlerMapping'
2024-06-24T00:36:55.949+05:30 DEBUG 29648 --- [testdemo] [restartedMain] s.w.s.m.m.a.RequestMappingHandlerAdapter : ControllerAdvice beans: 0 @ModelAttribute, 0 @InitBinder, 1 RequestBodyAdvice, 1 ResponseBodyAdvice
2024-06-24T00:36:55.976+05:30 DEBUG 29648 --- [testdemo] [restartedMain] .m.m.a.ExceptionHandlerExceptionResolver : ControllerAdvice beans: 1 @ExceptionHandler, 1 ResponseBodyAdvice
2024-06-24T00:36:56.040+05:30  INFO 29648 --- [testdemo] [restartedMain] o.s.b.d.a.OptionalLiveReloadServer       : LiveReload server is running on port 35729
2024-06-24T00:36:56.067+05:30  INFO 29648 --- [testdemo] [restartedMain] o.s.b.w.embedded.tomcat.TomcatWebServer  : Tomcat started on port 8080 (http) with context path '/'
2024-06-24T00:36:56.074+05:30  INFO 29648 --- [testdemo] [restartedMain] c.example.testdemo.TestdemoApplication   : Started TestdemoApplication in 1.522 seconds (process running for 1.831)
2024-06-24T00:36:59.078+05:30  INFO 29648 --- [testdemo] [http-nio-8080-exec-1] o.a.c.c.C.[Tomcat].[localhost].[/]       : Initializing Spring DispatcherServlet 'dispatcherServlet'
2024-06-24T00:36:59.078+05:30  INFO 29648 --- [testdemo] [http-nio-8080-exec-1] o.s.web.servlet.DispatcherServlet        : Initializing Servlet 'dispatcherServlet'
2024-06-24T00:36:59.078+05:30 DEBUG 29648 --- [testdemo] [http-nio-8080-exec-1] o.s.web.servlet.DispatcherServlet        : Detected StandardServletMultipartResolver
2024-06-24T00:36:59.078+05:30 DEBUG 29648 --- [testdemo] [http-nio-8080-exec-1] o.s.web.servlet.DispatcherServlet        : Detected AcceptHeaderLocaleResolver
2024-06-24T00:36:59.078+05:30 DEBUG 29648 --- [testdemo] [http-nio-8080-exec-1] o.s.web.servlet.DispatcherServlet        : Detected FixedThemeResolver
2024-06-24T00:36:59.079+05:30 DEBUG 29648 --- [testdemo] [http-nio-8080-exec-1] o.s.web.servlet.DispatcherServlet        : Detected org.springframework.web.servlet.view.DefaultRequestToViewNameTranslator@57b4d043
2024-06-24T00:36:59.080+05:30 DEBUG 29648 --- [testdemo] [http-nio-8080-exec-1] o.s.web.servlet.DispatcherServlet        : Detected org.springframework.web.servlet.support.SessionFlashMapManager@1dbe9f1c
2024-06-24T00:36:59.080+05:30 DEBUG 29648 --- [testdemo] [http-nio-8080-exec-1] o.s.web.servlet.DispatcherServlet        : enableLoggingRequestDetails='false': request parameters and headers will be masked to prevent unsafe logging of potentially sensitive data
2024-06-24T00:36:59.080+05:30  INFO 29648 --- [testdemo] [http-nio-8080-exec-1] o.s.web.servlet.DispatcherServlet        : Completed initialization in 2 ms
2024-06-24T00:36:59.085+05:30 DEBUG 29648 --- [testdemo] [http-nio-8080-exec-1] o.s.web.servlet.DispatcherServlet        : POST "/programs", parameters={}
2024-06-24T00:36:59.094+05:30 DEBUG 29648 --- [testdemo] [http-nio-8080-exec-1] s.w.s.m.m.a.RequestMappingHandlerMapping : Mapped to com.example.testdemo.Controllers.ProgramController#saveProgram(Program)
2024-06-24T00:36:59.152+05:30 DEBUG 29648 --- [testdemo] [http-nio-8080-exec-1] m.m.a.RequestResponseBodyMethodProcessor : Read "application/json;charset=UTF-8" to [com.example.testdemo.Models.Program@e2498af]
2024-06-24T00:36:59.168+05:30 DEBUG 29648 --- [testdemo] [http-nio-8080-exec-1] m.m.a.RequestResponseBodyMethodProcessor : Using 'application/json', given [*/*] and supported [application/json, application/*+json]
2024-06-24T00:36:59.169+05:30 DEBUG 29648 --- [testdemo] [http-nio-8080-exec-1] m.m.a.RequestResponseBodyMethodProcessor : Writing [com.example.testdemo.Models.Program@e2498af]
2024-06-24T00:36:59.179+05:30 DEBUG 29648 --- [testdemo] [http-nio-8080-exec-1] o.s.web.servlet.DispatcherServlet        : Completed 200 OK
2024-06-24T00:43:48.302+05:30 DEBUG 29648 --- [testdemo] [http-nio-8080-exec-5] o.s.web.servlet.DispatcherServlet        : POST "/programs", parameters={}
2024-06-24T00:43:48.303+05:30 DEBUG 29648 --- [testdemo] [http-nio-8080-exec-5] s.w.s.m.m.a.RequestMappingHandlerMapping : Mapped to com.example.testdemo.Controllers.ProgramController#saveProgram(Program)
2024-06-24T00:43:48.303+05:30 DEBUG 29648 --- [testdemo] [http-nio-8080-exec-5] m.m.a.RequestResponseBodyMethodProcessor : Read "application/json;charset=UTF-8" to [com.example.testdemo.Models.Program@614faf82]
2024-06-24T00:43:48.304+05:30 DEBUG 29648 --- [testdemo] [http-nio-8080-exec-5] m.m.a.RequestResponseBodyMethodProcessor : Using 'application/json', given [*/*] and supported [application/json, application/*+json]
2024-06-24T00:43:48.304+05:30 DEBUG 29648 --- [testdemo] [http-nio-8080-exec-5] m.m.a.RequestResponseBodyMethodProcessor : Writing [com.example.testdemo.Models.Program@614faf82]
2024-06-24T00:43:48.304+05:30 DEBUG 29648 --- [testdemo] [http-nio-8080-exec-5] o.s.web.servlet.DispatcherServlet        : Completed 200 OK
2024-06-24T00:44:01.550+05:30 DEBUG 29648 --- [testdemo] [http-nio-8080-exec-6] o.s.web.servlet.DispatcherServlet        : POST "/programs", parameters={}
2024-06-24T00:44:01.550+05:30 DEBUG 29648 --- [testdemo] [http-nio-8080-exec-6] s.w.s.m.m.a.RequestMappingHandlerMapping : Mapped to com.example.testdemo.Controllers.ProgramController#saveProgram(Program)
2024-06-24T00:44:01.550+05:30 DEBUG 29648 --- [testdemo] [http-nio-8080-exec-6] m.m.a.RequestResponseBodyMethodProcessor : Read "application/json;charset=UTF-8" to [com.example.testdemo.Models.Program@5da43079]
2024-06-24T00:44:01.551+05:30 DEBUG 29648 --- [testdemo] [http-nio-8080-exec-6] m.m.a.RequestResponseBodyMethodProcessor : Using 'application/json', given [*/*] and supported [application/json, application/*+json]
2024-06-24T00:44:01.551+05:30 DEBUG 29648 --- [testdemo] [http-nio-8080-exec-6] m.m.a.RequestResponseBodyMethodProcessor : Writing [com.example.testdemo.Models.Program@5da43079]
2024-06-24T00:44:01.551+05:30 DEBUG 29648 --- [testdemo] [http-nio-8080-exec-6] o.s.web.servlet.DispatcherServlet        : Completed 200 OK
